<?xml version="1.0" encoding="UTF-8"?>
<!-- Generated by org.testng.reporters.JUnitReportReporter -->
<testsuite hostname="MilanSuvarnas-MacBook-Pro.local" failures="0" tests="4" name="com.test.BookmarkTest.BookmarkTest" time="68.512" errors="0" timestamp="14 Mar 2019 12:05:34 GMT" skipped="0">
  <testcase classname="com.test.BookmarkTest.BookmarkTest" name="verify_Bookmark" time="68.136"/>
  <testcase classname="com.test.BookmarkTest.BookmarkTest" name="verifyBookmarkHeader" time="0.026"/>
  <testcase classname="com.test.BookmarkTest.BookmarkTest" name="verifyBookmarkData" time="0.038"/>
  <testcase classname="com.test.BookmarkTest.BookmarkTest" name="closeDriver" time="0.312"/>
</testsuite> <!-- com.test.BookmarkTest.BookmarkTest -->
