<?xml version="1.0" encoding="UTF-8"?>
<!-- Generated by org.testng.reporters.JUnitReportReporter -->
<testsuite skipped="0" hostname="Milans-MacBook.local" name="test.FilterTest" tests="1" failures="0" timestamp="18 Jun 2019 09:31:55 GMT" time="76.276" errors="0">
  <testcase name="VerifyFilter" time="76.276" classname="test.FilterTest"/>
</testsuite> <!-- test.FilterTest -->
