<?xml version="1.0" encoding="UTF-8"?>
<!-- Generated by org.testng.reporters.JUnitReportReporter -->
<testsuite skipped="0" hostname="Milans-MacBook.local" name="test.InviteReferTest" tests="1" failures="0" timestamp="18 Jun 2019 09:31:55 GMT" time="73.628" errors="0">
  <testcase name="verifyInviteReferPage" time="73.628" classname="test.InviteReferTest"/>
</testsuite> <!-- test.InviteReferTest -->
