<?xml version="1.0" encoding="UTF-8"?>
<!-- Generated by org.testng.reporters.JUnitReportReporter -->
<testsuite skipped="0" hostname="Milans-MacBook.local" name="test.MyOfferTest" tests="1" failures="0" timestamp="18 Jun 2019 09:31:55 GMT" time="66.216" errors="0">
  <testcase name="verify_MyOfferPage" time="66.216" classname="test.MyOfferTest"/>
</testsuite> <!-- test.MyOfferTest -->
