<?xml version="1.0" encoding="UTF-8"?>
<!-- Generated by org.testng.reporters.JUnitReportReporter -->
<testsuite hostname="MilanSuvarnas-MacBook-Pro.local" failures="0" tests="1" name="test.ListingTest" time="48.114" errors="0" timestamp="25 Mar 2019 07:37:01 GMT" skipped="0">
  <testcase classname="test.ListingTest" name="VerifyListingPage" time="48.114"/>
</testsuite> <!-- test.ListingTest -->
