<?xml version="1.0" encoding="UTF-8"?>
<!-- Generated by org.testng.reporters.JUnitReportReporter -->
<testsuite hostname="MilanSuvarnas-MacBook-Pro.local" failures="0" tests="1" name="com.test.Blog.BlogTest" time="68.162" errors="0" timestamp="14 Mar 2019 12:05:34 GMT" skipped="0">
  <testcase classname="com.test.Blog.BlogTest" name="verifyBlogPage" time="68.162"/>
</testsuite> <!-- com.test.Blog.BlogTest -->
