<?xml version="1.0" encoding="UTF-8"?>
<!-- Generated by org.testng.reporters.JUnitReportReporter -->
<testsuite skipped="0" hostname="Milans-MacBook.local" name="test.SearchTest" tests="1" failures="0" timestamp="18 Jun 2019 09:31:55 GMT" time="28.237" errors="0">
  <testcase name="verifySearchBox" time="28.237" classname="test.SearchTest"/>
</testsuite> <!-- test.SearchTest -->
