<?xml version="1.0" encoding="UTF-8"?>
<!-- Generated by org.testng.reporters.JUnitReportReporter -->
<testsuite hostname="MilanSuvarnas-MacBook-Pro.local" failures="0" tests="1" name="test.SignInTest" time="50.429" errors="0" timestamp="29 Mar 2019 05:38:26 GMT" skipped="0">
  <testcase classname="test.SignInTest" name="TestsignIn" time="50.429"/>
</testsuite> <!-- test.SignInTest -->
