<?xml version="1.0" encoding="UTF-8"?>
<!-- Generated by org.testng.reporters.JUnitReportReporter -->
<testsuite skipped="0" hostname="Milans-MacBook.local" name="test.RatingTest" tests="1" failures="0" timestamp="18 Jun 2019 09:31:55 GMT" time="64.341" errors="0">
  <testcase name="verify_Rating" time="64.341" classname="test.RatingTest"/>
</testsuite> <!-- test.RatingTest -->
