<?xml version="1.0" encoding="UTF-8"?>
<!-- Generated by org.testng.reporters.JUnitReportReporter -->
<testsuite skipped="0" hostname="Milans-MacBook.local" name="test.LikeTest" tests="1" failures="0" timestamp="18 Jun 2019 09:31:55 GMT" time="65.274" errors="0">
  <testcase name="verify_Like" time="65.274" classname="test.LikeTest"/>
</testsuite> <!-- test.LikeTest -->
