<?xml version="1.0" encoding="UTF-8"?>
<!-- Generated by org.testng.reporters.JUnitReportReporter -->
<testsuite skipped="0" hostname="Milans-MacBook.local" name="test.Blog" tests="1" failures="0" timestamp="18 Jun 2019 09:31:55 GMT" time="64.430" errors="0">
  <testcase name="verifyBlogPage" time="64.430" classname="test.Blog"/>
</testsuite> <!-- test.Blog -->
